

Microchip MPLAB XC8 Assembler V3.00 build 20241204225717 
                                                                                               Tue Feb  4 09:25:54 2025

Microchip MPLAB XC8 C Compiler v3.00 (Free license) build 20241204225717 Og1 
     1                           	processor	16F1719
     2                           	pagewidth 120
     3                           	opt	flic
     4                           	psect	cinit,global,class=CODE,space=0,merge=1,delta=2
     5                           	psect	cstackCOMMON,global,class=COMMON,space=1,delta=1,noexec
     6                           	psect	maintext,global,class=CODE,space=0,merge=1,split=1,delta=2
     7                           	psect	text1,local,class=CODE,space=0,merge=1,delta=2
     8                           	psect	config,global,abs,ovrld,class=CONFIG,space=4,delta=2,noexec
     9                           	dabs	1,0x7E,2
    10     0000                     
    11                           ; Generated 07/09/2023 GMT
    12                           ; 
    13                           ; Copyright © 2023, Microchip Technology Inc. and its subsidiaries ("Microchip")
    14                           ; All rights reserved.
    15                           ; 
    16                           ; This software is developed by Microchip Technology Inc. and its subsidiaries ("Microch
      +                          ip").
    17                           ; 
    18                           ; Redistribution and use in source and binary forms, with or without modification, are
    19                           ; permitted provided that the following conditions are met:
    20                           ; 
    21                           ;     1. Redistributions of source code must retain the above copyright notice, this lis
      +                          t of
    22                           ;        conditions and the following disclaimer.
    23                           ; 
    24                           ;     2. Redistributions in binary form must reproduce the above copyright notice, this 
      +                          list
    25                           ;        of conditions and the following disclaimer in the documentation and/or other
    26                           ;        materials provided with the distribution. Publication is not required when
    27                           ;        this file is used in an embedded application.
    28                           ; 
    29                           ;     3. Microchip's name may not be used to endorse or promote products derived from th
      +                          is
    30                           ;        software without specific prior written permission.
    31                           ; 
    32                           ; THIS SOFTWARE IS PROVIDED BY MICROCHIP "AS IS" AND ANY EXPRESS OR IMPLIED WARRANTIES,
    33                           ; INCLUDING, BUT NOT LIMITED TO, THE IMPLIED WARRANTIES OF MERCHANTABILITY AND FITNESS F
      +                          OR
    34                           ; PURPOSE ARE DISCLAIMED.  IN NO EVENT SHALL MICROCHIP BE LIABLE FOR ANY DIRECT, INDIREC
      +                          T,
    35                           ; INCIDENTAL, SPECIAL, EXEMPLARY, OR CONSEQUENTIAL DAMAGES (INCLUDING BUT NOT LIMITED TO
    36                           ; PROCUREMENT OF SUBSTITUTE GOODS OR SERVICES; LOSS OF USE, DATA OR PROFITS; OR BUSINESS
    37                           ; INTERRUPTION) HOWSOEVER CAUSED AND ON ANY THEORY OF LIABILITY, WHETHER IN CONTRACT, ST
      +                          RICT
    38                           ; LIABILITY, OR TORT (INCLUDING NEGLIGENCE OR OTHERWISE) ARISING IN ANY WAY OUT OF THE U
      +                          SE OF
    39                           ; THIS SOFTWARE, EVEN IF ADVISED OF THE POSSIBILITY OF SUCH DAMAGE.
    40                           ; 
    41                           ; 
    42                           ; Code-generator required, PIC16F1719 Definitions
    43                           ; 
    44                           ; SFR Addresses
    45     0008                     bsr             equ	8
    46     0005                     fsr0h           equ	5
    47     0004                     fsr0l           equ	4
    48     0007                     fsr1h           equ	7
    49     0006                     fsr1l           equ	6
    50     0000                     indf            equ	0
    51     0000                     indf0           equ	0
    52     0001                     indf1           equ	1
    53     000B                     intcon          equ	11
    54     0002                     pc              equ	2
    55     0002                     pcl             equ	2
    56     000A                     pclath          equ	10
    57     0003                     status          equ	3
    58     0009                     wreg            equ	9
    59     0000                     INDF0           equ	0	;# 
    60     0001                     INDF1           equ	1	;# 
    61     0002                     PCL             equ	2	;# 
    62     0003                     STATUS          equ	3	;# 
    63     0004                     FSR0L           equ	4	;# 
    64     0005                     FSR0H           equ	5	;# 
    65     0006                     FSR1L           equ	6	;# 
    66     0007                     FSR1H           equ	7	;# 
    67     0008                     BSR             equ	8	;# 
    68     0009                     WREG            equ	9	;# 
    69     000A                     PCLATH          equ	10	;# 
    70     000B                     INTCON          equ	11	;# 
    71     000C                     PORTA           equ	12	;# 
    72     000D                     PORTB           equ	13	;# 
    73     000E                     PORTC           equ	14	;# 
    74     000F                     PORTD           equ	15	;# 
    75     0010                     PORTE           equ	16	;# 
    76     0011                     PIR1            equ	17	;# 
    77     0012                     PIR2            equ	18	;# 
    78     0013                     PIR3            equ	19	;# 
    79     0015                     TMR0            equ	21	;# 
    80     0016                     TMR1            equ	22	;# 
    81     0016                     TMR1L           equ	22	;# 
    82     0017                     TMR1H           equ	23	;# 
    83     0018                     T1CON           equ	24	;# 
    84     0019                     T1GCON          equ	25	;# 
    85     001A                     TMR2            equ	26	;# 
    86     001B                     PR2             equ	27	;# 
    87     001C                     T2CON           equ	28	;# 
    88     008C                     TRISA           equ	140	;# 
    89     008D                     TRISB           equ	141	;# 
    90     008E                     TRISC           equ	142	;# 
    91     008F                     TRISD           equ	143	;# 
    92     0090                     TRISE           equ	144	;# 
    93     0091                     PIE1            equ	145	;# 
    94     0092                     PIE2            equ	146	;# 
    95     0093                     PIE3            equ	147	;# 
    96     0095                     OPTION_REG      equ	149	;# 
    97     0096                     PCON            equ	150	;# 
    98     0097                     WDTCON          equ	151	;# 
    99     0098                     OSCTUNE         equ	152	;# 
   100     0099                     OSCCON          equ	153	;# 
   101     009A                     OSCSTAT         equ	154	;# 
   102     009B                     ADRES           equ	155	;# 
   103     009B                     ADRESL          equ	155	;# 
   104     009C                     ADRESH          equ	156	;# 
   105     009D                     ADCON0          equ	157	;# 
   106     009E                     ADCON1          equ	158	;# 
   107     009F                     ADCON2          equ	159	;# 
   108     010C                     LATA            equ	268	;# 
   109     010D                     LATB            equ	269	;# 
   110     010E                     LATC            equ	270	;# 
   111     010F                     LATD            equ	271	;# 
   112     0110                     LATE            equ	272	;# 
   113     0111                     CM1CON0         equ	273	;# 
   114     0112                     CM1CON1         equ	274	;# 
   115     0113                     CM2CON0         equ	275	;# 
   116     0114                     CM2CON1         equ	276	;# 
   117     0115                     CMOUT           equ	277	;# 
   118     0116                     BORCON          equ	278	;# 
   119     0117                     FVRCON          equ	279	;# 
   120     0118                     DAC1CON0        equ	280	;# 
   121     0119                     DAC1CON1        equ	281	;# 
   122     011A                     DAC2CON0        equ	282	;# 
   123     011B                     DAC2REF         equ	283	;# 
   124     011B                     DAC2CON1        equ	283	;# 
   125     011C                     ZCD1CON         equ	284	;# 
   126     018C                     ANSELA          equ	396	;# 
   127     018D                     ANSELB          equ	397	;# 
   128     018E                     ANSELC          equ	398	;# 
   129     018F                     ANSELD          equ	399	;# 
   130     0190                     ANSELE          equ	400	;# 
   131     0191                     PMADR           equ	401	;# 
   132     0191                     PMADRL          equ	401	;# 
   133     0192                     PMADRH          equ	402	;# 
   134     0193                     PMDAT           equ	403	;# 
   135     0193                     PMDATL          equ	403	;# 
   136     0194                     PMDATH          equ	404	;# 
   137     0195                     PMCON1          equ	405	;# 
   138     0196                     PMCON2          equ	406	;# 
   139     0197                     VREGCON         equ	407	;# 
   140     0199                     RC1REG          equ	409	;# 
   141     0199                     RCREG           equ	409	;# 
   142     0199                     RCREG1          equ	409	;# 
   143     019A                     TX1REG          equ	410	;# 
   144     019A                     TXREG1          equ	410	;# 
   145     019A                     TXREG           equ	410	;# 
   146     019B                     SP1BRG          equ	411	;# 
   147     019B                     SPBRG           equ	411	;# 
   148     019B                     SP1BRGL         equ	411	;# 
   149     019B                     SPBRG1          equ	411	;# 
   150     019B                     SPBRGL          equ	411	;# 
   151     019C                     SP1BRGH         equ	412	;# 
   152     019C                     SPBRGH          equ	412	;# 
   153     019C                     SPBRGH1         equ	412	;# 
   154     019D                     RC1STA          equ	413	;# 
   155     019D                     RCSTA1          equ	413	;# 
   156     019D                     RCSTA           equ	413	;# 
   157     019E                     TX1STA          equ	414	;# 
   158     019E                     TXSTA1          equ	414	;# 
   159     019E                     TXSTA           equ	414	;# 
   160     019F                     BAUD1CON        equ	415	;# 
   161     019F                     BAUDCON1        equ	415	;# 
   162     019F                     BAUDCTL1        equ	415	;# 
   163     019F                     BAUDCON         equ	415	;# 
   164     019F                     BAUDCTL         equ	415	;# 
   165     020C                     WPUA            equ	524	;# 
   166     020D                     WPUB            equ	525	;# 
   167     020E                     WPUC            equ	526	;# 
   168     020F                     WPUD            equ	527	;# 
   169     0210                     WPUE            equ	528	;# 
   170     0211                     SSP1BUF         equ	529	;# 
   171     0211                     SSPBUF          equ	529	;# 
   172     0212                     SSP1ADD         equ	530	;# 
   173     0212                     SSPADD          equ	530	;# 
   174     0213                     SSP1MSK         equ	531	;# 
   175     0213                     SSPMSK          equ	531	;# 
   176     0214                     SSP1STAT        equ	532	;# 
   177     0214                     SSPSTAT         equ	532	;# 
   178     0215                     SSP1CON1        equ	533	;# 
   179     0215                     SSPCON          equ	533	;# 
   180     0215                     SSPCON1         equ	533	;# 
   181     0215                     SSP1CON         equ	533	;# 
   182     0216                     SSP1CON2        equ	534	;# 
   183     0216                     SSPCON2         equ	534	;# 
   184     0217                     SSP1CON3        equ	535	;# 
   185     0217                     SSPCON3         equ	535	;# 
   186     028C                     ODCONA          equ	652	;# 
   187     028D                     ODCONB          equ	653	;# 
   188     028E                     ODCONC          equ	654	;# 
   189     028F                     ODCOND          equ	655	;# 
   190     0290                     ODCONE          equ	656	;# 
   191     0291                     CCPR1           equ	657	;# 
   192     0291                     CCPR1L          equ	657	;# 
   193     0292                     CCPR1H          equ	658	;# 
   194     0293                     CCP1CON         equ	659	;# 
   195     0293                     ECCP1CON        equ	659	;# 
   196     0298                     CCPR2           equ	664	;# 
   197     0298                     CCPR2L          equ	664	;# 
   198     0299                     CCPR2H          equ	665	;# 
   199     029A                     CCP2CON         equ	666	;# 
   200     029A                     ECCP2CON        equ	666	;# 
   201     029E                     CCPTMRS         equ	670	;# 
   202     030C                     SLRCONA         equ	780	;# 
   203     030D                     SLRCONB         equ	781	;# 
   204     030E                     SLRCONC         equ	782	;# 
   205     030F                     SLRCOND         equ	783	;# 
   206     0310                     SLRCONE         equ	784	;# 
   207     038C                     INLVLA          equ	908	;# 
   208     038D                     INLVLB          equ	909	;# 
   209     038E                     INLVLC          equ	910	;# 
   210     038F                     INLVLD          equ	911	;# 
   211     0390                     INLVLE          equ	912	;# 
   212     0391                     IOCAP           equ	913	;# 
   213     0392                     IOCAN           equ	914	;# 
   214     0393                     IOCAF           equ	915	;# 
   215     0394                     IOCBP           equ	916	;# 
   216     0395                     IOCBN           equ	917	;# 
   217     0396                     IOCBF           equ	918	;# 
   218     0397                     IOCCP           equ	919	;# 
   219     0398                     IOCCN           equ	920	;# 
   220     0399                     IOCCF           equ	921	;# 
   221     039D                     IOCEP           equ	925	;# 
   222     039E                     IOCEN           equ	926	;# 
   223     039F                     IOCEF           equ	927	;# 
   224     0415                     TMR4            equ	1045	;# 
   225     0416                     PR4             equ	1046	;# 
   226     0417                     T4CON           equ	1047	;# 
   227     041C                     TMR6            equ	1052	;# 
   228     041D                     PR6             equ	1053	;# 
   229     041E                     T6CON           equ	1054	;# 
   230     0498                     NCO1ACC         equ	1176	;# 
   231     0498                     NCO1ACCL        equ	1176	;# 
   232     0499                     NCO1ACCH        equ	1177	;# 
   233     049A                     NCO1ACCU        equ	1178	;# 
   234     049B                     NCO1INC         equ	1179	;# 
   235     049B                     NCO1INCL        equ	1179	;# 
   236     049C                     NCO1INCH        equ	1180	;# 
   237     049D                     NCO1INCU        equ	1181	;# 
   238     049E                     NCO1CON         equ	1182	;# 
   239     049F                     NCO1CLK         equ	1183	;# 
   240     0511                     OPA1CON         equ	1297	;# 
   241     0515                     OPA2CON         equ	1301	;# 
   242     0617                     PWM3DCL         equ	1559	;# 
   243     0618                     PWM3DCH         equ	1560	;# 
   244     0619                     PWM3CON         equ	1561	;# 
   245     0619                     PWM3CON0        equ	1561	;# 
   246     061A                     PWM4DCL         equ	1562	;# 
   247     061B                     PWM4DCH         equ	1563	;# 
   248     061C                     PWM4CON         equ	1564	;# 
   249     061C                     PWM4CON0        equ	1564	;# 
   250     0691                     COG1PHR         equ	1681	;# 
   251     0692                     COG1PHF         equ	1682	;# 
   252     0693                     COG1BLKR        equ	1683	;# 
   253     0694                     COG1BLKF        equ	1684	;# 
   254     0695                     COG1DBR         equ	1685	;# 
   255     0696                     COG1DBF         equ	1686	;# 
   256     0697                     COG1CON0        equ	1687	;# 
   257     0698                     COG1CON1        equ	1688	;# 
   258     0699                     COG1RIS         equ	1689	;# 
   259     069A                     COG1RSIM        equ	1690	;# 
   260     069B                     COG1FIS         equ	1691	;# 
   261     069C                     COG1FSIM        equ	1692	;# 
   262     069D                     COG1ASD0        equ	1693	;# 
   263     069E                     COG1ASD1        equ	1694	;# 
   264     069F                     COG1STR         equ	1695	;# 
   265     0E0F                     PPSLOCK         equ	3599	;# 
   266     0E10                     INTPPS          equ	3600	;# 
   267     0E11                     T0CKIPPS        equ	3601	;# 
   268     0E12                     T1CKIPPS        equ	3602	;# 
   269     0E13                     T1GPPS          equ	3603	;# 
   270     0E14                     CCP1PPS         equ	3604	;# 
   271     0E15                     CCP2PPS         equ	3605	;# 
   272     0E17                     COGINPPS        equ	3607	;# 
   273     0E20                     SSPCLKPPS       equ	3616	;# 
   274     0E21                     SSPDATPPS       equ	3617	;# 
   275     0E22                     SSPSSPPS        equ	3618	;# 
   276     0E24                     RXPPS           equ	3620	;# 
   277     0E25                     CKPPS           equ	3621	;# 
   278     0E28                     CLCIN0PPS       equ	3624	;# 
   279     0E29                     CLCIN1PPS       equ	3625	;# 
   280     0E2A                     CLCIN2PPS       equ	3626	;# 
   281     0E2B                     CLCIN3PPS       equ	3627	;# 
   282     0E90                     RA0PPS          equ	3728	;# 
   283     0E91                     RA1PPS          equ	3729	;# 
   284     0E92                     RA2PPS          equ	3730	;# 
   285     0E93                     RA3PPS          equ	3731	;# 
   286     0E94                     RA4PPS          equ	3732	;# 
   287     0E95                     RA5PPS          equ	3733	;# 
   288     0E96                     RA6PPS          equ	3734	;# 
   289     0E97                     RA7PPS          equ	3735	;# 
   290     0E98                     RB0PPS          equ	3736	;# 
   291     0E99                     RB1PPS          equ	3737	;# 
   292     0E9A                     RB2PPS          equ	3738	;# 
   293     0E9B                     RB3PPS          equ	3739	;# 
   294     0E9C                     RB4PPS          equ	3740	;# 
   295     0E9D                     RB5PPS          equ	3741	;# 
   296     0E9E                     RB6PPS          equ	3742	;# 
   297     0E9F                     RB7PPS          equ	3743	;# 
   298     0EA0                     RC0PPS          equ	3744	;# 
   299     0EA1                     RC1PPS          equ	3745	;# 
   300     0EA2                     RC2PPS          equ	3746	;# 
   301     0EA3                     RC3PPS          equ	3747	;# 
   302     0EA4                     RC4PPS          equ	3748	;# 
   303     0EA5                     RC5PPS          equ	3749	;# 
   304     0EA6                     RC6PPS          equ	3750	;# 
   305     0EA7                     RC7PPS          equ	3751	;# 
   306     0EA8                     RD0PPS          equ	3752	;# 
   307     0EA9                     RD1PPS          equ	3753	;# 
   308     0EAA                     RD2PPS          equ	3754	;# 
   309     0EAB                     RD3PPS          equ	3755	;# 
   310     0EAC                     RD4PPS          equ	3756	;# 
   311     0EAD                     RD5PPS          equ	3757	;# 
   312     0EAE                     RD6PPS          equ	3758	;# 
   313     0EAF                     RD7PPS          equ	3759	;# 
   314     0EB0                     RE0PPS          equ	3760	;# 
   315     0EB1                     RE1PPS          equ	3761	;# 
   316     0EB2                     RE2PPS          equ	3762	;# 
   317     0F0F                     CLCDATA         equ	3855	;# 
   318     0F10                     CLC1CON         equ	3856	;# 
   319     0F11                     CLC1POL         equ	3857	;# 
   320     0F12                     CLC1SEL0        equ	3858	;# 
   321     0F13                     CLC1SEL1        equ	3859	;# 
   322     0F14                     CLC1SEL2        equ	3860	;# 
   323     0F15                     CLC1SEL3        equ	3861	;# 
   324     0F16                     CLC1GLS0        equ	3862	;# 
   325     0F17                     CLC1GLS1        equ	3863	;# 
   326     0F18                     CLC1GLS2        equ	3864	;# 
   327     0F19                     CLC1GLS3        equ	3865	;# 
   328     0F1A                     CLC2CON         equ	3866	;# 
   329     0F1B                     CLC2POL         equ	3867	;# 
   330     0F1C                     CLC2SEL0        equ	3868	;# 
   331     0F1D                     CLC2SEL1        equ	3869	;# 
   332     0F1E                     CLC2SEL2        equ	3870	;# 
   333     0F1F                     CLC2SEL3        equ	3871	;# 
   334     0F20                     CLC2GLS0        equ	3872	;# 
   335     0F21                     CLC2GLS1        equ	3873	;# 
   336     0F22                     CLC2GLS2        equ	3874	;# 
   337     0F23                     CLC2GLS3        equ	3875	;# 
   338     0F24                     CLC3CON         equ	3876	;# 
   339     0F25                     CLC3POL         equ	3877	;# 
   340     0F26                     CLC3SEL0        equ	3878	;# 
   341     0F27                     CLC3SEL1        equ	3879	;# 
   342     0F28                     CLC3SEL2        equ	3880	;# 
   343     0F29                     CLC3SEL3        equ	3881	;# 
   344     0F2A                     CLC3GLS0        equ	3882	;# 
   345     0F2B                     CLC3GLS1        equ	3883	;# 
   346     0F2C                     CLC3GLS2        equ	3884	;# 
   347     0F2D                     CLC3GLS3        equ	3885	;# 
   348     0F2E                     CLC4CON         equ	3886	;# 
   349     0F2F                     CLC4POL         equ	3887	;# 
   350     0F30                     CLC4SEL0        equ	3888	;# 
   351     0F31                     CLC4SEL1        equ	3889	;# 
   352     0F32                     CLC4SEL2        equ	3890	;# 
   353     0F33                     CLC4SEL3        equ	3891	;# 
   354     0F34                     CLC4GLS0        equ	3892	;# 
   355     0F35                     CLC4GLS1        equ	3893	;# 
   356     0F36                     CLC4GLS2        equ	3894	;# 
   357     0F37                     CLC4GLS3        equ	3895	;# 
   358     0FE4                     STATUS_SHAD     equ	4068	;# 
   359     0FE5                     WREG_SHAD       equ	4069	;# 
   360     0FE6                     BSR_SHAD        equ	4070	;# 
   361     0FE7                     PCLATH_SHAD     equ	4071	;# 
   362     0FE8                     FSR0L_SHAD      equ	4072	;# 
   363     0FE9                     FSR0H_SHAD      equ	4073	;# 
   364     0FEA                     FSR1L_SHAD      equ	4074	;# 
   365     0FEB                     FSR1H_SHAD      equ	4075	;# 
   366     0FED                     STKPTR          equ	4077	;# 
   367     0FEE                     TOSL            equ	4078	;# 
   368     0FEF                     TOSH            equ	4079	;# 
   369     008D                     _TRISB          set	141
   370     008F                     _TRISD          set	143
   371     010D                     _LATB           set	269
   372     010F                     _LATD           set	271
   373                           
   374                           	psect	cinit
   375     07FD                     start_initialization:	
   376                           ; #config settings
   377                           
   378     07FD                     __initialization:
   379     07FD                     end_of_initialization:	
   380                           ;End of C runtime variable initialization code
   381                           
   382     07FD                     __end_of__initialization:
   383     07FD  0020               	movlb	0
   384     07FE  3187  2FC8         	ljmp	_main	;jump to C main() function
   385                           
   386                           	psect	cstackCOMMON
   387     0070                     __pcstackCOMMON:
   388     0070                     ?_delai_approx:
   389     0070                     ?_main:	
   390                           ; 1 bytes @ 0x0
   391                           
   392     0070                     delai_approx@i:	
   393                           ; 1 bytes @ 0x0
   394                           
   395     0070                     ??_delai_approx:	
   396                           ; 4 bytes @ 0x0
   397                           
   398                           
   399                           ; 1 bytes @ 0x0
   400     0070                     	ds	4
   401     0074                     ??_main:
   402                           
   403                           	psect	maintext
   404     07C8                     __pmaintext:	
   405                           ; 1 bytes @ 0x4
   406 ;;
   407 ;;Main: autosize = 0, tempsize = 0, incstack = 0, save=0
   408 ;;
   409 ;; *************** function _main *****************
   410 ;; Defined at:
   411 ;;		line 13 in file "../Ressources/main.c"
   412 ;; Parameters:    Size  Location     Type
   413 ;;		None
   414 ;; Auto vars:     Size  Location     Type
   415 ;;		None
   416 ;; Return value:  Size  Location     Type
   417 ;;                  1    wreg      void 
   418 ;; Registers used:
   419 ;;		wreg, status,2, status,0, pclath, cstack
   420 ;; Tracked objects:
   421 ;;		On entry : B1F/0
   422 ;;		On exit  : 0/0
   423 ;;		Unchanged: 0/0
   424 ;; Data sizes:     COMMON   BANK0   BANK1   BANK2   BANK3   BANK4   BANK5   BANK6   BANK7   BANK8   BANK9  BANK10  BANK1
      +1  BANK12  BANK13  BANK14  BANK15  BANK16  BANK17  BANK18  BANK19  BANK20  BANK21  BANK22  BANK23  BANK24  BANK25
   425 ;;      Params:         0       0       0       0       0       0       0       0       0       0       0       0       
      +0       0       0       0       0       0       0       0       0       0       0       0       0       0       0
   426 ;;      Locals:         0       0       0       0       0       0       0       0       0       0       0       0       
      +0       0       0       0       0       0       0       0       0       0       0       0       0       0       0
   427 ;;      Temps:          0       0       0       0       0       0       0       0       0       0       0       0       
      +0       0       0       0       0       0       0       0       0       0       0       0       0       0       0
   428 ;;      Totals:         0       0       0       0       0       0       0       0       0       0       0       0       
      +0       0       0       0       0       0       0       0       0       0       0       0       0       0       0
   429 ;;Total ram usage:        0 bytes
   430 ;; Hardware stack levels required when called: 1
   431 ;; This function calls:
   432 ;;		_delai_approx
   433 ;; This function is called by:
   434 ;;		Startup code after reset
   435 ;; This function uses a non-reentrant model
   436 ;;
   437                           
   438     07C8                     _main:	
   439                           ;psect for function _main
   440                           
   441     07C8                     l555:	
   442                           ;incstack = 0
   443                           ; Regs used in _main: [wreg+status,2+status,0+pclath+cstack]
   444                           
   445                           
   446                           ;../Ressources/main.c: 15:     TRISD = 0x00;
   447     07C8  0021               	movlb	1	; select bank1
   448     07C9  018F               	clrf	15	;volatile
   449                           
   450                           ;../Ressources/main.c: 16:     TRISB = 0x00;
   451     07CA  018D               	clrf	13	;volatile
   452                           
   453                           ;../Ressources/main.c: 17:     LATD = 0x00;
   454     07CB  0022               	movlb	2	; select bank2
   455     07CC  018F               	clrf	15	;volatile
   456                           
   457                           ;../Ressources/main.c: 18:     LATB = 0x00;
   458     07CD  018D               	clrf	13	;volatile
   459     07CE                     l557:
   460                           
   461                           ;../Ressources/main.c: 21:         LATD = 0xFF;
   462     07CE  30FF               	movlw	255
   463     07CF  008F               	movwf	15	;volatile
   464     07D0                     l559:
   465                           
   466                           ;../Ressources/main.c: 22:         delai_approx();
   467     07D0  3187  27DF  3187   	fcall	_delai_approx
   468     07D3                     l561:
   469                           
   470                           ;../Ressources/main.c: 23:         LATD = 0x00;
   471     07D3  0022               	movlb	2	; select bank2
   472     07D4  018F               	clrf	15	;volatile
   473     07D5                     l563:
   474                           
   475                           ;../Ressources/main.c: 25:         LATB = 0xFF;
   476     07D5  30FF               	movlw	255
   477     07D6  008D               	movwf	13	;volatile
   478                           
   479                           ;../Ressources/main.c: 26:         delai_approx();
   480     07D7  3187  27DF  3187   	fcall	_delai_approx
   481     07DA                     l565:
   482                           
   483                           ;../Ressources/main.c: 27:         LATB = 0x00;
   484     07DA  0022               	movlb	2	; select bank2
   485     07DB  018D               	clrf	13	;volatile
   486     07DC  2FCE               	goto	l557
   487     07DD  3180  2802         	ljmp	start
   488     07DF                     __end_of_main:
   489                           
   490                           	psect	text1
   491     07DF                     __ptext1:	
   492 ;; *************** function _delai_approx *****************
   493 ;; Defined at:
   494 ;;		line 6 in file "../Ressources/main.c"
   495 ;; Parameters:    Size  Location     Type
   496 ;;		None
   497 ;; Auto vars:     Size  Location     Type
   498 ;;  i               4    0[COMMON] unsigned long 
   499 ;; Return value:  Size  Location     Type
   500 ;;                  1    wreg      void 
   501 ;; Registers used:
   502 ;;		wreg, status,2, status,0
   503 ;; Tracked objects:
   504 ;;		On entry : 0/0
   505 ;;		On exit  : 0/0
   506 ;;		Unchanged: 0/0
   507 ;; Data sizes:     COMMON   BANK0   BANK1   BANK2   BANK3   BANK4   BANK5   BANK6   BANK7   BANK8   BANK9  BANK10  BANK1
      +1  BANK12  BANK13  BANK14  BANK15  BANK16  BANK17  BANK18  BANK19  BANK20  BANK21  BANK22  BANK23  BANK24  BANK25
   508 ;;      Params:         0       0       0       0       0       0       0       0       0       0       0       0       
      +0       0       0       0       0       0       0       0       0       0       0       0       0       0       0
   509 ;;      Locals:         4       0       0       0       0       0       0       0       0       0       0       0       
      +0       0       0       0       0       0       0       0       0       0       0       0       0       0       0
   510 ;;      Temps:          0       0       0       0       0       0       0       0       0       0       0       0       
      +0       0       0       0       0       0       0       0       0       0       0       0       0       0       0
   511 ;;      Totals:         4       0       0       0       0       0       0       0       0       0       0       0       
      +0       0       0       0       0       0       0       0       0       0       0       0       0       0       0
   512 ;;Total ram usage:        4 bytes
   513 ;; Hardware stack levels used: 1
   514 ;; This function calls:
   515 ;;		Nothing
   516 ;; This function is called by:
   517 ;;		_main
   518 ;; This function uses a non-reentrant model
   519 ;;
   520                           
   521     07DF                     _delai_approx:	
   522                           ;psect for function _delai_approx
   523                           
   524     07DF                     l547:	
   525                           ;incstack = 0
   526                           ; Regs used in _delai_approx: [wreg+status,2+status,0]
   527                           
   528                           
   529                           ;../Ressources/main.c: 7:     for (unsigned long i = 0; i < 50000; i++) {
   530     07DF  3000               	movlw	0
   531     07E0  00F3               	movwf	delai_approx@i+3
   532     07E1  3000               	movlw	0
   533     07E2  00F2               	movwf	delai_approx@i+2
   534     07E3  3000               	movlw	0
   535     07E4  00F1               	movwf	delai_approx@i+1
   536     07E5  3000               	movlw	0
   537     07E6  00F0               	movwf	delai_approx@i
   538     07E7                     l11:
   539     07E7  0000               	nop	;# 
   540     07E8                     l553:
   541                           
   542                           ;../Ressources/main.c: 9:     }
   543     07E8  3001               	movlw	1
   544     07E9  07F0               	addwf	delai_approx@i,f
   545     07EA  3000               	movlw	0
   546     07EB  3DF1               	addwfc	delai_approx@i+1,f
   547     07EC  3DF2               	addwfc	delai_approx@i+2,f
   548     07ED  3DF3               	addwfc	delai_approx@i+3,f
   549     07EE  0873               	movf	delai_approx@i+3,w
   550     07EF  1D03               	btfss	3,2
   551     07F0  2FFC               	goto	u10
   552     07F1  0872               	movf	delai_approx@i+2,w
   553     07F2  1D03               	btfss	3,2
   554     07F3  2FFC               	goto	u10
   555     07F4  3050               	movlw	80
   556     07F5  0270               	subwf	delai_approx@i,w
   557     07F6  30C3               	movlw	195
   558     07F7  3B71               	subwfb	delai_approx@i+1,w
   559     07F8  1C03               	btfss	3,0
   560     07F9  2FFB               	goto	u11
   561     07FA  2FFC               	goto	u10
   562     07FB                     u11:
   563     07FB  2FE7               	goto	l11
   564     07FC                     u10:
   565     07FC                     l13:
   566     07FC  0008               	return
   567     07FD                     __end_of_delai_approx:
   568     0003                     ___latbits      equ	3
   569     007E                     btemp           set	126	;btemp
   570     007E                     wtemp0          set	126
   571                           
   572                           	psect	config
   573                           
   574                           ;Config register CONFIG1 @ 0x8007
   575                           ;	Oscillator Selection Bits
   576                           ;	FOSC = HS, HS Oscillator, High-speed crystal/resonator connected between OSC1 and OSC2
      +                           pins
   577                           ;	Watchdog Timer Enable
   578                           ;	WDTE = SWDTEN, WDT controlled by the SWDTEN bit in the WDTCON register
   579                           ;	Power-up Timer Enable
   580                           ;	PWRTE = OFF, PWRT disabled
   581                           ;	MCLR Pin Function Select
   582                           ;	MCLRE = ON, MCLR/VPP pin function is MCLR
   583                           ;	Flash Program Memory Code Protection
   584                           ;	CP = OFF, Program memory code protection is disabled
   585                           ;	Brown-out Reset Enable
   586                           ;	BOREN = ON, Brown-out Reset enabled
   587                           ;	Clock Out Enable
   588                           ;	CLKOUTEN = OFF, CLKOUT function is disabled. I/O or oscillator function on the CLKOUT 
      +                          pin
   589                           ;	Internal/External Switchover Mode
   590                           ;	IESO = ON, Internal/External Switchover Mode is enabled
   591                           ;	Fail-Safe Clock Monitor Enable
   592                           ;	FCMEN = ON, Fail-Safe Clock Monitor is enabled
   593     8007                     	org	32775
   594     8007  3FEA               	dw	16362
   595                           
   596                           ;Config register CONFIG2 @ 0x8008
   597                           ;	Flash Memory Self-Write Protection
   598                           ;	WRT = OFF, Write protection off
   599                           ;	Peripheral Pin Select one-way control
   600                           ;	PPS1WAY = OFF, The PPSLOCK bit can be set and cleared repeatedly by software
   601                           ;	Zero-cross detect disable
   602                           ;	ZCDDIS = ON, ZCD disabled. ZCD can be enabled by setting the ZCDSEN bit of ZCDCON
   603                           ;	Phase Lock Loop enable
   604                           ;	PLLEN = OFF, 4x PLL is disabled
   605                           ;	Stack Overflow/Underflow Reset Enable
   606                           ;	STVREN = ON, Stack Overflow or Underflow will cause a Reset
   607                           ;	Brown-out Reset Voltage Selection
   608                           ;	BORV = LO, Brown-out Reset Voltage (Vbor), low trip point selected.
   609                           ;	Low-Power Brown Out Reset
   610                           ;	LPBOR = OFF, Low-Power BOR is disabled
   611                           ;	In-Circuit Debugger Mode
   612                           ;	DEBUG = 0x1, unprogrammed default
   613                           ;	Low-Voltage Programming Enable
   614                           ;	LVP = OFF, High-voltage on MCLR/VPP must be used for programming
   615     8008                     	org	32776
   616     8008  1EFB               	dw	7931

Data Sizes:
    Strings     0
    Constant    0
    Data        0
    BSS         0
    Persistent  32
    Stack       0

Auto Spaces:
    Space          Size  Autos    Used
    COMMON           14      4       4
    BANK0            80      0       0
    BANK1            80      0       0
    BANK2            80      0       0
    BANK3            80      0       0
    BANK4            80      0       0
    BANK5            80      0       0
    BANK6            80      0       0
    BANK7            80      0       0
    BANK8            80      0       0
    BANK9            80      0       0
    BANK10           80      0       0
    BANK11           80      0       0
    BANK12           80      0       0
    BANK13           80      0       0
    BANK14           80      0       0
    BANK15           80      0       0
    BANK16           80      0       0
    BANK17           80      0       0
    BANK18           80      0       0
    BANK19           80      0       0
    BANK20           80      0       0
    BANK21           80      0       0
    BANK22           80      0       0
    BANK23           80      0       0
    BANK24           80      0       0
    BANK25           32      0       0

Pointer List with Targets:

    None.

Critical Paths under _main in COMMON

    _main->_delai_approx

Critical Paths under _main in BANK0

    None.

Critical Paths under _main in BANK1

    None.

Critical Paths under _main in BANK2

    None.

Critical Paths under _main in BANK3

    None.

Critical Paths under _main in BANK4

    None.

Critical Paths under _main in BANK5

    None.

Critical Paths under _main in BANK6

    None.

Critical Paths under _main in BANK7

    None.

Critical Paths under _main in BANK8

    None.

Critical Paths under _main in BANK9

    None.

Critical Paths under _main in BANK10

    None.

Critical Paths under _main in BANK11

    None.

Critical Paths under _main in BANK12

    None.

Critical Paths under _main in BANK13

    None.

Critical Paths under _main in BANK14

    None.

Critical Paths under _main in BANK15

    None.

Critical Paths under _main in BANK16

    None.

Critical Paths under _main in BANK17

    None.

Critical Paths under _main in BANK18

    None.

Critical Paths under _main in BANK19

    None.

Critical Paths under _main in BANK20

    None.

Critical Paths under _main in BANK21

    None.

Critical Paths under _main in BANK22

    None.

Critical Paths under _main in BANK23

    None.

Critical Paths under _main in BANK24

    None.

Critical Paths under _main in BANK25

    None.

Call Graph Tables:

 ---------------------------------------------------------------------------------
 (Depth) Function   	        Calls       Base Space   Used Autos Params    Refs
 ---------------------------------------------------------------------------------
 (0) _main                                                 0     0      0      30
                       _delai_approx
 ---------------------------------------------------------------------------------
 (1) _delai_approx                                         4     4      0      30
                                              0 COMMON     4     4      0
 ---------------------------------------------------------------------------------
 Estimated maximum stack depth 1
 ---------------------------------------------------------------------------------

 Call Graph Graphs:

 _main (ROOT)
   _delai_approx

Address spaces:
Name               Size   Autos  Total    Usage
BITCOMMON           14      0       0      0.0%
BITBANK0            80      0       0      0.0%
BITBANK1            80      0       0      0.0%
BITBANK2            80      0       0      0.0%
BITBANK3            80      0       0      0.0%
BITBANK4            80      0       0      0.0%
BITBANK5            80      0       0      0.0%
BITBANK6            80      0       0      0.0%
BITBANK7            80      0       0      0.0%
BITBANK8            80      0       0      0.0%
BITBANK9            80      0       0      0.0%
BITBANK10           80      0       0      0.0%
BITBANK11           80      0       0      0.0%
BITBANK12           80      0       0      0.0%
BITBANK13           80      0       0      0.0%
BITBANK14           80      0       0      0.0%
BITBANK15           80      0       0      0.0%
BITBANK16           80      0       0      0.0%
BITBANK17           80      0       0      0.0%
BITBANK18           80      0       0      0.0%
BITBANK19           80      0       0      0.0%
BITBANK20           80      0       0      0.0%
BITBANK21           80      0       0      0.0%
BITBANK22           80      0       0      0.0%
BITBANK23           80      0       0      0.0%
BITBANK24           80      0       0      0.0%
BITBANK25           32      0       0      0.0%
BIGRAM            2032      0       0      0.0%
COMMON              14      4       4     28.6%
BANK0               80      0       0      0.0%
BANK1               80      0       0      0.0%
BANK2               80      0       0      0.0%
BANK3               80      0       0      0.0%
BANK4               80      0       0      0.0%
BANK5               80      0       0      0.0%
BANK6               80      0       0      0.0%
BANK7               80      0       0      0.0%
BANK8               80      0       0      0.0%
BANK9               80      0       0      0.0%
BANK10              80      0       0      0.0%
BANK11              80      0       0      0.0%
BANK12              80      0       0      0.0%
BANK13              80      0       0      0.0%
BANK14              80      0       0      0.0%
BANK15              80      0       0      0.0%
BANK16              80      0       0      0.0%
BANK17              80      0       0      0.0%
BANK18              80      0       0      0.0%
BANK19              80      0       0      0.0%
BANK20              80      0       0      0.0%
BANK21              80      0       0      0.0%
BANK22              80      0       0      0.0%
BANK23              80      0       0      0.0%
BANK24              80      0       0      0.0%
BANK25              32      0       0      0.0%
STACK                0      0       0      0.0%
DATA                 0      0       4      0.0%


Microchip Technology PIC Macro Assembler V3.00 build 20241204225717 
Symbol Table                                                                                   Tue Feb  4 09:25:54 2025

                     l11 07E7                       l13 07FC                       u10 07FC  
                     u11 07FB                      l553 07E8                      l561 07D3  
                    l547 07DF                      l563 07D5                      l555 07C8  
                    l565 07DA                      l557 07CE                      l559 07D0  
                   _LATB 010D                     _LATD 010F     __end_of_delai_approx 07FD  
                   _main 07C8                     btemp 007E                     start 0002  
                  ?_main 0070                    _TRISB 008D                    _TRISD 008F  
                  status 0003                    wtemp0 007E          __initialization 07FD  
           __end_of_main 07DF                   ??_main 0074  __end_of__initialization 07FD  
         __pcstackCOMMON 0070             _delai_approx 07DF               __pmaintext 07C8  
          delai_approx@i 0070                  __ptext1 07DF     end_of_initialization 07FD  
    start_initialization 07FD                ___latbits 0003            ?_delai_approx 0070  
         ??_delai_approx 0070  
